2025-01-25 10:20:23,115 - sqlalchemy.engine.Engine - INFO - BEGIN (implicit)
2025-01-25 10:20:23,852 - sqlalchemy.engine.Engine - INFO - PRAGMA main.table_info("exchanges")
2025-01-25 10:20:23,852 - sqlalchemy.engine.Engine - INFO - PRAGMA main.table_info("exchanges")
2025-01-25 10:20:23,854 - sqlalchemy.engine.Engine - INFO - [raw sql] ()
2025-01-25 10:20:23,854 - sqlalchemy.engine.Engine - INFO - [raw sql] ()
2025-01-25 10:20:23,940 - sqlalchemy.engine.Engine - INFO - PRAGMA main.table_info("webhook")
2025-01-25 10:20:23,940 - sqlalchemy.engine.Engine - INFO - PRAGMA main.table_info("webhook")
2025-01-25 10:20:23,942 - sqlalchemy.engine.Engine - INFO - [raw sql] ()
2025-01-25 10:20:23,942 - sqlalchemy.engine.Engine - INFO - [raw sql] ()
2025-01-25 10:20:23,946 - sqlalchemy.engine.Engine - INFO - COMMIT
2025-01-25 10:20:23,946 - sqlalchemy.engine.Engine - INFO - COMMIT
2025-01-25 10:20:23,948 - tzlocal - DEBUG - Looking up time zone info from registry
2025-01-25 10:20:24,062 - apscheduler.scheduler - INFO - Adding job tentatively -- it will be properly scheduled when the scheduler starts
2025-01-25 10:20:24,062 - apscheduler.scheduler - INFO - Adding job tentatively -- it will be properly scheduled when the scheduler starts
2025-01-25 10:20:24,088 - apscheduler.scheduler - INFO - Added job "run_bot" to job store "default"
2025-01-25 10:20:24,088 - apscheduler.scheduler - INFO - Added job "WebhookUtils.run_tests" to job store "default"
2025-01-25 10:20:24,088 - apscheduler.scheduler - INFO - Scheduler started
2025-01-25 10:20:24,089 - apscheduler.scheduler - DEBUG - Looking for jobs to run
2025-01-25 10:20:24,090 - apscheduler.scheduler - DEBUG - Next wakeup is due at 2025-01-25 11:10:24.062779+01:00 (in 2999.971809 seconds)
2025-01-25 10:20:24,308 - asyncio - DEBUG - Using proactor: IocpProactor
2025-01-25 10:20:25,056 - uvicorn.error - INFO - Started server process [17688]
2025-01-25 10:20:25,057 - uvicorn.error - INFO - Waiting for application startup.
2025-01-25 10:20:25,060 - uvicorn.error - INFO - Application startup complete.
2025-01-25 10:20:25,061 - uvicorn.error - INFO - Uvicorn running on http://0.0.0.0:8000 (Press CTRL+C to quit)
2025-01-25 10:21:41,138 - uvicorn.error - INFO - Shutting down
2025-01-25 10:21:41,248 - uvicorn.error - INFO - Waiting for application shutdown.
2025-01-25 10:21:41,257 - uvicorn.error - INFO - Application shutdown complete.
2025-01-25 10:21:41,262 - uvicorn.error - INFO - Finished server process [17688]
2025-01-25 10:21:47,089 - sqlalchemy.engine.Engine - INFO - BEGIN (implicit)
2025-01-25 10:21:47,089 - sqlalchemy.engine.Engine - INFO - BEGIN (implicit)
2025-01-25 10:21:47,090 - sqlalchemy.engine.Engine - INFO - PRAGMA main.table_info("exchanges")
2025-01-25 10:21:47,090 - sqlalchemy.engine.Engine - INFO - PRAGMA main.table_info("exchanges")
2025-01-25 10:21:47,090 - sqlalchemy.engine.Engine - INFO - [raw sql] ()
2025-01-25 10:21:47,090 - sqlalchemy.engine.Engine - INFO - [raw sql] ()
2025-01-25 10:21:47,091 - sqlalchemy.engine.Engine - INFO - PRAGMA main.table_info("webhook")
2025-01-25 10:21:47,091 - sqlalchemy.engine.Engine - INFO - PRAGMA main.table_info("webhook")
2025-01-25 10:21:47,091 - sqlalchemy.engine.Engine - INFO - [raw sql] ()
2025-01-25 10:21:47,091 - sqlalchemy.engine.Engine - INFO - [raw sql] ()
2025-01-25 10:21:47,091 - sqlalchemy.engine.Engine - INFO - COMMIT
2025-01-25 10:21:47,091 - sqlalchemy.engine.Engine - INFO - COMMIT
2025-01-25 10:21:47,091 - tzlocal - DEBUG - Looking up time zone info from registry
2025-01-25 10:21:47,097 - apscheduler.scheduler - INFO - Adding job tentatively -- it will be properly scheduled when the scheduler starts
2025-01-25 10:21:47,097 - apscheduler.scheduler - INFO - Adding job tentatively -- it will be properly scheduled when the scheduler starts
2025-01-25 10:21:47,098 - apscheduler.scheduler - INFO - Added job "run_bot" to job store "default"
2025-01-25 10:21:47,098 - apscheduler.scheduler - INFO - Added job "WebhookUtils.run_tests" to job store "default"
2025-01-25 10:21:47,098 - apscheduler.scheduler - INFO - Scheduler started
2025-01-25 10:21:47,099 - apscheduler.scheduler - DEBUG - Looking for jobs to run
2025-01-25 10:21:47,100 - apscheduler.scheduler - DEBUG - Next wakeup is due at 2025-01-25 11:11:47.097695+01:00 (in 2999.996739 seconds)
2025-01-25 10:21:47,124 - asyncio - DEBUG - Using proactor: IocpProactor
2025-01-25 10:21:47,191 - uvicorn.error - INFO - Started server process [5316]
2025-01-25 10:21:47,192 - uvicorn.error - INFO - Waiting for application startup.
2025-01-25 10:21:47,194 - uvicorn.error - INFO - Application startup complete.
2025-01-25 10:21:47,195 - uvicorn.error - INFO - Uvicorn running on http://0.0.0.0:8000 (Press CTRL+C to quit)
2025-01-25 11:11:47,110 - apscheduler.scheduler - DEBUG - Looking for jobs to run
2025-01-25 11:11:47,120 - apscheduler.executors.default - INFO - Running job "WebhookUtils.run_tests (trigger: interval[0:50:00], next run at: 2025-01-25 11:11:47 WAT)" (scheduled at 2025-01-25 11:11:47.097695+01:00)
2025-01-25 11:11:47,125 - asyncio - DEBUG - Using proactor: IocpProactor
2025-01-25 11:11:47,127 - apscheduler.scheduler - DEBUG - Next wakeup is due at 2025-01-25 11:21:47.097695+01:00 (in 599.971406 seconds)
2025-01-25 11:11:47,194 - sqlalchemy.engine.Engine - INFO - BEGIN (implicit)
2025-01-25 11:11:47,194 - sqlalchemy.engine.Engine - INFO - BEGIN (implicit)
2025-01-25 11:11:47,325 - sqlalchemy.engine.Engine - INFO - SELECT webhook.id AS webhook_id, webhook.url AS webhook_url, webhook.active AS webhook_active 
FROM webhook 
WHERE webhook.active = 1
2025-01-25 11:11:47,325 - sqlalchemy.engine.Engine - INFO - SELECT webhook.id AS webhook_id, webhook.url AS webhook_url, webhook.active AS webhook_active 
FROM webhook 
WHERE webhook.active = 1
2025-01-25 11:11:47,326 - sqlalchemy.engine.Engine - INFO - [generated in 0.00129s] ()
2025-01-25 11:11:47,326 - sqlalchemy.engine.Engine - INFO - [generated in 0.00129s] ()
2025-01-25 11:11:47,383 - sqlalchemy.engine.Engine - INFO - ROLLBACK
2025-01-25 11:11:47,383 - sqlalchemy.engine.Engine - INFO - ROLLBACK
2025-01-25 11:11:47,385 - apscheduler.executors.default - INFO - Job "WebhookUtils.run_tests (trigger: interval[0:50:00], next run at: 2025-01-25 12:01:47 WAT)" executed successfully
2025-01-25 11:21:47,106 - apscheduler.scheduler - DEBUG - Looking for jobs to run
2025-01-25 11:21:47,106 - apscheduler.scheduler - DEBUG - Next wakeup is due at 2025-01-25 12:01:47.097695+01:00 (in 2399.990804 seconds)
2025-01-25 11:21:47,106 - apscheduler.executors.default - INFO - Running job "run_bot (trigger: interval[1:00:00], next run at: 2025-01-25 12:21:47 WAT)" (scheduled at 2025-01-25 11:21:47.097695+01:00)
2025-01-25 11:21:47,169 - MyAppLogger - INFO - Starting BOTScrappy...
2025-01-25 11:21:47,169 - MyAppLogger - INFO - Starting BOTScrappy...
2025-01-25 11:21:47,169 - asyncio - DEBUG - Using proactor: IocpProactor
2025-01-25 11:22:23,725 - MyAppLogger - INFO - Starting scraping for Scrapper_BancoBAI
2025-01-25 11:22:23,725 - MyAppLogger - INFO - Starting scraping for Scrapper_BancoBAI
2025-01-25 11:22:55,428 - sqlalchemy.engine.Engine - INFO - BEGIN (implicit)
2025-01-25 11:22:55,428 - sqlalchemy.engine.Engine - INFO - BEGIN (implicit)
2025-01-25 11:22:55,461 - sqlalchemy.engine.Engine - INFO - SELECT exchanges.id AS exchanges_id, exchanges.bank_name AS exchanges_bank_name, exchanges.exchanges_values AS exchanges_exchanges_values, exchanges.updated_at AS exchanges_updated_at 
FROM exchanges 
WHERE exchanges.bank_name = ?
 LIMIT ? OFFSET ?
2025-01-25 11:22:55,461 - sqlalchemy.engine.Engine - INFO - SELECT exchanges.id AS exchanges_id, exchanges.bank_name AS exchanges_bank_name, exchanges.exchanges_values AS exchanges_exchanges_values, exchanges.updated_at AS exchanges_updated_at 
FROM exchanges 
WHERE exchanges.bank_name = ?
 LIMIT ? OFFSET ?
2025-01-25 11:22:55,462 - sqlalchemy.engine.Engine - INFO - [generated in 0.00083s] ('BAI', 1, 0)
2025-01-25 11:22:55,462 - sqlalchemy.engine.Engine - INFO - [generated in 0.00083s] ('BAI', 1, 0)
2025-01-25 11:22:55,488 - sqlalchemy.engine.Engine - INFO - ROLLBACK
2025-01-25 11:22:55,488 - sqlalchemy.engine.Engine - INFO - ROLLBACK
2025-01-25 11:22:55,657 - sqlalchemy.engine.Engine - INFO - BEGIN (implicit)
2025-01-25 11:22:55,657 - sqlalchemy.engine.Engine - INFO - BEGIN (implicit)
2025-01-25 11:22:55,677 - sqlalchemy.engine.Engine - INFO - INSERT INTO exchanges (bank_name, exchanges_values, updated_at) VALUES (?, ?, ?)
2025-01-25 11:22:55,677 - sqlalchemy.engine.Engine - INFO - INSERT INTO exchanges (bank_name, exchanges_values, updated_at) VALUES (?, ?, ?)
2025-01-25 11:22:55,677 - sqlalchemy.engine.Engine - INFO - [generated in 0.00123s] ('BAI', '[{"coins": "AED", "sell": "260,42973", "buy": "255,32327"}, {"coins": "CAD", "sell": "666,79870", "buy": "653,72421"}, {"coins": "CHF", "sell": "1.05 ... (579 characters truncated) ... l": "956,45592", "buy": "937,70188"}, {"coins": "XAF", "sell": "0,93791", "buy": "0,89200"}, {"coins": "ZAR", "sell": "52,51384", "buy": "51,48415"}]', '2025-01-25 11:22:55.676295')
2025-01-25 11:22:55,677 - sqlalchemy.engine.Engine - INFO - [generated in 0.00123s] ('BAI', '[{"coins": "AED", "sell": "260,42973", "buy": "255,32327"}, {"coins": "CAD", "sell": "666,79870", "buy": "653,72421"}, {"coins": "CHF", "sell": "1.05 ... (579 characters truncated) ... l": "956,45592", "buy": "937,70188"}, {"coins": "XAF", "sell": "0,93791", "buy": "0,89200"}, {"coins": "ZAR", "sell": "52,51384", "buy": "51,48415"}]', '2025-01-25 11:22:55.676295')
2025-01-25 11:22:55,748 - sqlalchemy.engine.Engine - INFO - COMMIT
2025-01-25 11:22:55,748 - sqlalchemy.engine.Engine - INFO - COMMIT
2025-01-25 11:22:55,847 - MyAppLogger - INFO - new registered exchange(BAI)
2025-01-25 11:22:55,847 - MyAppLogger - INFO - new registered exchange(BAI)
2025-01-25 11:22:55,848 - MyAppLogger - INFO - Scraping succeeded for Scrapper_BancoBAI
2025-01-25 11:22:55,848 - MyAppLogger - INFO - Scraping succeeded for Scrapper_BancoBAI
2025-01-25 11:22:57,606 - MyAppLogger - INFO - Starting scraping for Scrapper_BancoSOL
2025-01-25 11:22:57,606 - MyAppLogger - INFO - Starting scraping for Scrapper_BancoSOL
2025-01-25 11:23:07,093 - sqlalchemy.engine.Engine - INFO - BEGIN (implicit)
2025-01-25 11:23:07,093 - sqlalchemy.engine.Engine - INFO - BEGIN (implicit)
2025-01-25 11:23:07,093 - sqlalchemy.engine.Engine - INFO - SELECT exchanges.id AS exchanges_id, exchanges.bank_name AS exchanges_bank_name, exchanges.exchanges_values AS exchanges_exchanges_values, exchanges.updated_at AS exchanges_updated_at 
FROM exchanges 
WHERE exchanges.bank_name = ?
 LIMIT ? OFFSET ?
2025-01-25 11:23:07,093 - sqlalchemy.engine.Engine - INFO - SELECT exchanges.id AS exchanges_id, exchanges.bank_name AS exchanges_bank_name, exchanges.exchanges_values AS exchanges_exchanges_values, exchanges.updated_at AS exchanges_updated_at 
FROM exchanges 
WHERE exchanges.bank_name = ?
 LIMIT ? OFFSET ?
2025-01-25 11:23:07,093 - sqlalchemy.engine.Engine - INFO - [cached since 11.63s ago] ('Banco Sol', 1, 0)
2025-01-25 11:23:07,093 - sqlalchemy.engine.Engine - INFO - [cached since 11.63s ago] ('Banco Sol', 1, 0)
2025-01-25 11:23:07,094 - sqlalchemy.engine.Engine - INFO - ROLLBACK
2025-01-25 11:23:07,094 - sqlalchemy.engine.Engine - INFO - ROLLBACK
2025-01-25 11:23:07,094 - sqlalchemy.engine.Engine - INFO - BEGIN (implicit)
2025-01-25 11:23:07,094 - sqlalchemy.engine.Engine - INFO - BEGIN (implicit)
2025-01-25 11:23:07,094 - sqlalchemy.engine.Engine - INFO - INSERT INTO exchanges (bank_name, exchanges_values, updated_at) VALUES (?, ?, ?)
2025-01-25 11:23:07,094 - sqlalchemy.engine.Engine - INFO - INSERT INTO exchanges (bank_name, exchanges_values, updated_at) VALUES (?, ?, ?)
2025-01-25 11:23:07,095 - sqlalchemy.engine.Engine - INFO - [cached since 11.42s ago] ('Banco Sol', '[{"coins": "EUR", "sell": "1035.0605", "buy": "979.2154"}, {"coins": "USD", "sell": "939.36", "buy": "912"}, {"coins": "CAD", "sell": "654.88", "buy" ... (452 characters truncated) ... ": "SEK", "sell": "85.948", "buy": "83.445"}, {"coins": "XAF", "sell": "0.532", "buy": "0.498"}, {"coins": "ZAR", "sell": "51.575", "buy": "50.073"}]', '2025-01-25 11:23:07.094908')
2025-01-25 11:23:07,095 - sqlalchemy.engine.Engine - INFO - [cached since 11.42s ago] ('Banco Sol', '[{"coins": "EUR", "sell": "1035.0605", "buy": "979.2154"}, {"coins": "USD", "sell": "939.36", "buy": "912"}, {"coins": "CAD", "sell": "654.88", "buy" ... (452 characters truncated) ... ": "SEK", "sell": "85.948", "buy": "83.445"}, {"coins": "XAF", "sell": "0.532", "buy": "0.498"}, {"coins": "ZAR", "sell": "51.575", "buy": "50.073"}]', '2025-01-25 11:23:07.094908')
2025-01-25 11:23:07,097 - sqlalchemy.engine.Engine - INFO - COMMIT
2025-01-25 11:23:07,097 - sqlalchemy.engine.Engine - INFO - COMMIT
2025-01-25 11:23:07,299 - MyAppLogger - INFO - new registered exchange(Banco Sol)
2025-01-25 11:23:07,299 - MyAppLogger - INFO - new registered exchange(Banco Sol)
2025-01-25 11:23:07,299 - MyAppLogger - INFO - Scraping succeeded for Scrapper_BancoSOL
2025-01-25 11:23:07,299 - MyAppLogger - INFO - Scraping succeeded for Scrapper_BancoSOL
2025-01-25 11:23:07,496 - MyAppLogger - INFO - Starting scraping for Scrapper_BancoBFA
2025-01-25 11:23:07,496 - MyAppLogger - INFO - Starting scraping for Scrapper_BancoBFA
2025-01-25 11:23:11,996 - sqlalchemy.engine.Engine - INFO - BEGIN (implicit)
2025-01-25 11:23:11,996 - sqlalchemy.engine.Engine - INFO - BEGIN (implicit)
2025-01-25 11:23:11,996 - sqlalchemy.engine.Engine - INFO - SELECT exchanges.id AS exchanges_id, exchanges.bank_name AS exchanges_bank_name, exchanges.exchanges_values AS exchanges_exchanges_values, exchanges.updated_at AS exchanges_updated_at 
FROM exchanges 
WHERE exchanges.bank_name = ?
 LIMIT ? OFFSET ?
2025-01-25 11:23:11,996 - sqlalchemy.engine.Engine - INFO - SELECT exchanges.id AS exchanges_id, exchanges.bank_name AS exchanges_bank_name, exchanges.exchanges_values AS exchanges_exchanges_values, exchanges.updated_at AS exchanges_updated_at 
FROM exchanges 
WHERE exchanges.bank_name = ?
 LIMIT ? OFFSET ?
2025-01-25 11:23:11,997 - sqlalchemy.engine.Engine - INFO - [cached since 16.54s ago] ('BFA', 1, 0)
2025-01-25 11:23:11,997 - sqlalchemy.engine.Engine - INFO - [cached since 16.54s ago] ('BFA', 1, 0)
2025-01-25 11:23:11,997 - sqlalchemy.engine.Engine - INFO - ROLLBACK
2025-01-25 11:23:11,997 - sqlalchemy.engine.Engine - INFO - ROLLBACK
2025-01-25 11:23:12,000 - sqlalchemy.engine.Engine - INFO - BEGIN (implicit)
2025-01-25 11:23:12,000 - sqlalchemy.engine.Engine - INFO - BEGIN (implicit)
2025-01-25 11:23:12,001 - sqlalchemy.engine.Engine - INFO - INSERT INTO exchanges (bank_name, exchanges_values, updated_at) VALUES (?, ?, ?)
2025-01-25 11:23:12,001 - sqlalchemy.engine.Engine - INFO - INSERT INTO exchanges (bank_name, exchanges_values, updated_at) VALUES (?, ?, ?)
2025-01-25 11:23:12,001 - sqlalchemy.engine.Engine - INFO - [cached since 16.33s ago] ('BFA', '[{"coins": "USD", "sell": "0.000", "buy": "0.000"}, {"coins": "CNY", "sell": "0.000", "buy": "0.000"}, {"coins": "NOK", "sell": "0.000", "buy": "0.00 ... (365 characters truncated) ... oins": "CAD", "sell": "0.000", "buy": "0.000"}, {"coins": "SEK", "sell": "0.000", "buy": "0.000"}, {"coins": "CHF", "sell": "0.000", "buy": "0.000"}]', '2025-01-25 11:23:12.000978')
2025-01-25 11:23:12,001 - sqlalchemy.engine.Engine - INFO - [cached since 16.33s ago] ('BFA', '[{"coins": "USD", "sell": "0.000", "buy": "0.000"}, {"coins": "CNY", "sell": "0.000", "buy": "0.000"}, {"coins": "NOK", "sell": "0.000", "buy": "0.00 ... (365 characters truncated) ... oins": "CAD", "sell": "0.000", "buy": "0.000"}, {"coins": "SEK", "sell": "0.000", "buy": "0.000"}, {"coins": "CHF", "sell": "0.000", "buy": "0.000"}]', '2025-01-25 11:23:12.000978')
2025-01-25 11:23:12,003 - sqlalchemy.engine.Engine - INFO - COMMIT
2025-01-25 11:23:12,003 - sqlalchemy.engine.Engine - INFO - COMMIT
2025-01-25 11:23:12,126 - MyAppLogger - INFO - new registered exchange(BFA)
2025-01-25 11:23:12,126 - MyAppLogger - INFO - new registered exchange(BFA)
2025-01-25 11:23:12,126 - MyAppLogger - INFO - Scraping succeeded for Scrapper_BancoBFA
2025-01-25 11:23:12,126 - MyAppLogger - INFO - Scraping succeeded for Scrapper_BancoBFA
2025-01-25 11:23:12,326 - MyAppLogger - INFO - Starting scraping for Scrapper_BancoBCI
2025-01-25 11:23:12,326 - MyAppLogger - INFO - Starting scraping for Scrapper_BancoBCI
2025-01-25 11:23:19,062 - MyAppLogger - ERROR - [Scrapper_BancoBCI]: error when getting tr tags
2025-01-25 11:23:19,062 - MyAppLogger - ERROR - [Scrapper_BancoBCI]: error when getting tr tags
2025-01-25 11:23:19,063 - MyAppLogger - WARNING - Scraping returned false for Scrapper_BancoBCI
2025-01-25 11:23:19,063 - MyAppLogger - WARNING - Scraping returned false for Scrapper_BancoBCI
2025-01-25 11:23:19,228 - MyAppLogger - INFO - Starting scraping for Scrapper_BancoBCA
2025-01-25 11:23:19,228 - MyAppLogger - INFO - Starting scraping for Scrapper_BancoBCA
2025-01-25 11:23:25,926 - sqlalchemy.engine.Engine - INFO - BEGIN (implicit)
2025-01-25 11:23:25,926 - sqlalchemy.engine.Engine - INFO - BEGIN (implicit)
2025-01-25 11:23:25,926 - sqlalchemy.engine.Engine - INFO - SELECT exchanges.id AS exchanges_id, exchanges.bank_name AS exchanges_bank_name, exchanges.exchanges_values AS exchanges_exchanges_values, exchanges.updated_at AS exchanges_updated_at 
FROM exchanges 
WHERE exchanges.bank_name = ?
 LIMIT ? OFFSET ?
2025-01-25 11:23:25,926 - sqlalchemy.engine.Engine - INFO - SELECT exchanges.id AS exchanges_id, exchanges.bank_name AS exchanges_bank_name, exchanges.exchanges_values AS exchanges_exchanges_values, exchanges.updated_at AS exchanges_updated_at 
FROM exchanges 
WHERE exchanges.bank_name = ?
 LIMIT ? OFFSET ?
2025-01-25 11:23:25,926 - sqlalchemy.engine.Engine - INFO - [cached since 30.46s ago] ('BCA', 1, 0)
2025-01-25 11:23:25,926 - sqlalchemy.engine.Engine - INFO - [cached since 30.46s ago] ('BCA', 1, 0)
2025-01-25 11:23:25,926 - sqlalchemy.engine.Engine - INFO - ROLLBACK
2025-01-25 11:23:25,926 - sqlalchemy.engine.Engine - INFO - ROLLBACK
2025-01-25 11:23:25,927 - sqlalchemy.engine.Engine - INFO - BEGIN (implicit)
2025-01-25 11:23:25,927 - sqlalchemy.engine.Engine - INFO - BEGIN (implicit)
2025-01-25 11:23:25,927 - sqlalchemy.engine.Engine - INFO - INSERT INTO exchanges (bank_name, exchanges_values, updated_at) VALUES (?, ?, ?)
2025-01-25 11:23:25,927 - sqlalchemy.engine.Engine - INFO - INSERT INTO exchanges (bank_name, exchanges_values, updated_at) VALUES (?, ?, ?)
2025-01-25 11:23:25,927 - sqlalchemy.engine.Engine - INFO - [cached since 30.25s ago] ('BCA', '[{"coins": "DOLAR DOS ESTADOS UNIDOS", "sell": "944.1480", "buy": "DOLAR DOS ESTADOS UNIDOS"}, {"coins": "DOLAR NAMIBIANO", "sell": "51.3500", "buy": ... (157 characters truncated) ... AR CANADIANO"}, {"coins": "DOLAR AUSTRALIANO", "sell": "596.5100", "buy": "DOLAR AUSTRALIANO"}, {"coins": "Euro", "sell": "987.1058", "buy": "Euro"}]', '2025-01-25 11:23:25.927639')
2025-01-25 11:23:25,927 - sqlalchemy.engine.Engine - INFO - [cached since 30.25s ago] ('BCA', '[{"coins": "DOLAR DOS ESTADOS UNIDOS", "sell": "944.1480", "buy": "DOLAR DOS ESTADOS UNIDOS"}, {"coins": "DOLAR NAMIBIANO", "sell": "51.3500", "buy": ... (157 characters truncated) ... AR CANADIANO"}, {"coins": "DOLAR AUSTRALIANO", "sell": "596.5100", "buy": "DOLAR AUSTRALIANO"}, {"coins": "Euro", "sell": "987.1058", "buy": "Euro"}]', '2025-01-25 11:23:25.927639')
2025-01-25 11:23:25,929 - sqlalchemy.engine.Engine - INFO - COMMIT
2025-01-25 11:23:25,929 - sqlalchemy.engine.Engine - INFO - COMMIT
2025-01-25 11:23:26,006 - MyAppLogger - INFO - new registered exchange(BCA)
2025-01-25 11:23:26,006 - MyAppLogger - INFO - new registered exchange(BCA)
2025-01-25 11:23:26,007 - MyAppLogger - INFO - Scraping succeeded for Scrapper_BancoBCA
2025-01-25 11:23:26,007 - MyAppLogger - INFO - Scraping succeeded for Scrapper_BancoBCA
2025-01-25 11:23:26,206 - MyAppLogger - INFO - Starting scraping for Scrapper_BancoBIR
2025-01-25 11:23:26,206 - MyAppLogger - INFO - Starting scraping for Scrapper_BancoBIR
2025-01-25 11:23:36,037 - sqlalchemy.engine.Engine - INFO - BEGIN (implicit)
2025-01-25 11:23:36,037 - sqlalchemy.engine.Engine - INFO - BEGIN (implicit)
2025-01-25 11:23:36,038 - sqlalchemy.engine.Engine - INFO - SELECT exchanges.id AS exchanges_id, exchanges.bank_name AS exchanges_bank_name, exchanges.exchanges_values AS exchanges_exchanges_values, exchanges.updated_at AS exchanges_updated_at 
FROM exchanges 
WHERE exchanges.bank_name = ?
 LIMIT ? OFFSET ?
2025-01-25 11:23:36,038 - sqlalchemy.engine.Engine - INFO - SELECT exchanges.id AS exchanges_id, exchanges.bank_name AS exchanges_bank_name, exchanges.exchanges_values AS exchanges_exchanges_values, exchanges.updated_at AS exchanges_updated_at 
FROM exchanges 
WHERE exchanges.bank_name = ?
 LIMIT ? OFFSET ?
2025-01-25 11:23:36,038 - sqlalchemy.engine.Engine - INFO - [cached since 40.58s ago] ('BIR', 1, 0)
2025-01-25 11:23:36,038 - sqlalchemy.engine.Engine - INFO - [cached since 40.58s ago] ('BIR', 1, 0)
2025-01-25 11:23:36,038 - sqlalchemy.engine.Engine - INFO - ROLLBACK
2025-01-25 11:23:36,038 - sqlalchemy.engine.Engine - INFO - ROLLBACK
2025-01-25 11:23:36,038 - sqlalchemy.engine.Engine - INFO - BEGIN (implicit)
2025-01-25 11:23:36,038 - sqlalchemy.engine.Engine - INFO - BEGIN (implicit)
2025-01-25 11:23:36,039 - sqlalchemy.engine.Engine - INFO - INSERT INTO exchanges (bank_name, exchanges_values, updated_at) VALUES (?, ?, ?)
2025-01-25 11:23:36,039 - sqlalchemy.engine.Engine - INFO - INSERT INTO exchanges (bank_name, exchanges_values, updated_at) VALUES (?, ?, ?)
2025-01-25 11:23:36,039 - sqlalchemy.engine.Engine - INFO - [cached since 40.36s ago] ('BIR', '[{"coins": "USD", "sell": "921.1200", "buy": "953.0400"}, {"coins": "EUR", "sell": "968.5670", "buy": "1018.0390"}, {"coins": "GBP", "sell": "1122.1850", "buy": "1144.6290"}, {"coins": "NAD", "sell": "34.7370", "buy": "35.4317"}, {"coins": "ZAR", "sell": "49.2830", "buy": "50.2690"}]', '2025-01-25 11:23:36.039286')
2025-01-25 11:23:36,039 - sqlalchemy.engine.Engine - INFO - [cached since 40.36s ago] ('BIR', '[{"coins": "USD", "sell": "921.1200", "buy": "953.0400"}, {"coins": "EUR", "sell": "968.5670", "buy": "1018.0390"}, {"coins": "GBP", "sell": "1122.1850", "buy": "1144.6290"}, {"coins": "NAD", "sell": "34.7370", "buy": "35.4317"}, {"coins": "ZAR", "sell": "49.2830", "buy": "50.2690"}]', '2025-01-25 11:23:36.039286')
2025-01-25 11:23:36,041 - sqlalchemy.engine.Engine - INFO - COMMIT
2025-01-25 11:23:36,041 - sqlalchemy.engine.Engine - INFO - COMMIT
2025-01-25 11:23:36,135 - MyAppLogger - INFO - new registered exchange(BIR)
2025-01-25 11:23:36,135 - MyAppLogger - INFO - new registered exchange(BIR)
2025-01-25 11:23:36,136 - MyAppLogger - INFO - Scraping succeeded for Scrapper_BancoBIR
2025-01-25 11:23:36,136 - MyAppLogger - INFO - Scraping succeeded for Scrapper_BancoBIR
2025-01-25 11:23:36,597 - MyAppLogger - INFO - Starting scraping for Scrapper_BancoBPC
2025-01-25 11:23:36,597 - MyAppLogger - INFO - Starting scraping for Scrapper_BancoBPC
2025-01-25 11:24:02,830 - sqlalchemy.engine.Engine - INFO - BEGIN (implicit)
2025-01-25 11:24:02,830 - sqlalchemy.engine.Engine - INFO - BEGIN (implicit)
2025-01-25 11:24:02,830 - sqlalchemy.engine.Engine - INFO - SELECT exchanges.id AS exchanges_id, exchanges.bank_name AS exchanges_bank_name, exchanges.exchanges_values AS exchanges_exchanges_values, exchanges.updated_at AS exchanges_updated_at 
FROM exchanges 
WHERE exchanges.bank_name = ?
 LIMIT ? OFFSET ?
2025-01-25 11:24:02,830 - sqlalchemy.engine.Engine - INFO - SELECT exchanges.id AS exchanges_id, exchanges.bank_name AS exchanges_bank_name, exchanges.exchanges_values AS exchanges_exchanges_values, exchanges.updated_at AS exchanges_updated_at 
FROM exchanges 
WHERE exchanges.bank_name = ?
 LIMIT ? OFFSET ?
2025-01-25 11:24:02,830 - sqlalchemy.engine.Engine - INFO - [cached since 67.37s ago] ('BPC', 1, 0)
2025-01-25 11:24:02,830 - sqlalchemy.engine.Engine - INFO - [cached since 67.37s ago] ('BPC', 1, 0)
2025-01-25 11:24:02,831 - sqlalchemy.engine.Engine - INFO - ROLLBACK
2025-01-25 11:24:02,831 - sqlalchemy.engine.Engine - INFO - ROLLBACK
2025-01-25 11:24:02,831 - sqlalchemy.engine.Engine - INFO - BEGIN (implicit)
2025-01-25 11:24:02,831 - sqlalchemy.engine.Engine - INFO - BEGIN (implicit)
2025-01-25 11:24:02,831 - sqlalchemy.engine.Engine - INFO - INSERT INTO exchanges (bank_name, exchanges_values, updated_at) VALUES (?, ?, ?)
2025-01-25 11:24:02,831 - sqlalchemy.engine.Engine - INFO - INSERT INTO exchanges (bank_name, exchanges_values, updated_at) VALUES (?, ?, ?)
2025-01-25 11:24:02,832 - sqlalchemy.engine.Engine - INFO - [cached since 67.16s ago] ('BPC', '[{"coins": "EUR", "sell": "999,579", "buy": "970,465"}, {"coins": "USD", "sell": "930,149", "buy": "912,000"}, {"coins": "GBP", "sell": "1 132,230",  ... (570 characters truncated) ... ": "NOK", "sell": "81,456", "buy": "78,262"}, {"coins": "SEK", "sell": "82,870", "buy": "79,620"}, {"coins": "XAF", "sell": "1,455", "buy": "1,397"}]', '2025-01-25 11:24:02.831232')
2025-01-25 11:24:02,832 - sqlalchemy.engine.Engine - INFO - [cached since 67.16s ago] ('BPC', '[{"coins": "EUR", "sell": "999,579", "buy": "970,465"}, {"coins": "USD", "sell": "930,149", "buy": "912,000"}, {"coins": "GBP", "sell": "1 132,230",  ... (570 characters truncated) ... ": "NOK", "sell": "81,456", "buy": "78,262"}, {"coins": "SEK", "sell": "82,870", "buy": "79,620"}, {"coins": "XAF", "sell": "1,455", "buy": "1,397"}]', '2025-01-25 11:24:02.831232')
2025-01-25 11:24:03,136 - sqlalchemy.engine.Engine - INFO - COMMIT
2025-01-25 11:24:03,136 - sqlalchemy.engine.Engine - INFO - COMMIT
2025-01-25 11:24:04,695 - MyAppLogger - INFO - new registered exchange(BPC)
2025-01-25 11:24:04,695 - MyAppLogger - INFO - new registered exchange(BPC)
2025-01-25 11:24:04,696 - MyAppLogger - INFO - Scraping succeeded for Scrapper_BancoBPC
2025-01-25 11:24:04,696 - MyAppLogger - INFO - Scraping succeeded for Scrapper_BancoBPC
2025-01-25 11:24:05,336 - MyAppLogger - INFO - Starting scraping for Scrapper_BancoBNI
2025-01-25 11:24:05,336 - MyAppLogger - INFO - Starting scraping for Scrapper_BancoBNI
2025-01-25 11:24:10,129 - sqlalchemy.engine.Engine - INFO - BEGIN (implicit)
2025-01-25 11:24:10,129 - sqlalchemy.engine.Engine - INFO - BEGIN (implicit)
2025-01-25 11:24:10,130 - sqlalchemy.engine.Engine - INFO - SELECT exchanges.id AS exchanges_id, exchanges.bank_name AS exchanges_bank_name, exchanges.exchanges_values AS exchanges_exchanges_values, exchanges.updated_at AS exchanges_updated_at 
FROM exchanges 
WHERE exchanges.bank_name = ?
 LIMIT ? OFFSET ?
2025-01-25 11:24:10,130 - sqlalchemy.engine.Engine - INFO - SELECT exchanges.id AS exchanges_id, exchanges.bank_name AS exchanges_bank_name, exchanges.exchanges_values AS exchanges_exchanges_values, exchanges.updated_at AS exchanges_updated_at 
FROM exchanges 
WHERE exchanges.bank_name = ?
 LIMIT ? OFFSET ?
2025-01-25 11:24:10,130 - sqlalchemy.engine.Engine - INFO - [cached since 74.67s ago] ('BNI', 1, 0)
2025-01-25 11:24:10,130 - sqlalchemy.engine.Engine - INFO - [cached since 74.67s ago] ('BNI', 1, 0)
2025-01-25 11:24:10,130 - sqlalchemy.engine.Engine - INFO - ROLLBACK
2025-01-25 11:24:10,130 - sqlalchemy.engine.Engine - INFO - ROLLBACK
2025-01-25 11:24:10,131 - sqlalchemy.engine.Engine - INFO - BEGIN (implicit)
2025-01-25 11:24:10,131 - sqlalchemy.engine.Engine - INFO - BEGIN (implicit)
2025-01-25 11:24:10,132 - sqlalchemy.engine.Engine - INFO - INSERT INTO exchanges (bank_name, exchanges_values, updated_at) VALUES (?, ?, ?)
2025-01-25 11:24:10,132 - sqlalchemy.engine.Engine - INFO - INSERT INTO exchanges (bank_name, exchanges_values, updated_at) VALUES (?, ?, ?)
2025-01-25 11:24:10,132 - sqlalchemy.engine.Engine - INFO - [cached since 74.46s ago] ('BNI', '[{"coins": "EUR", "sell": "982,104", "buy": "962,847"}, {"coins": "GBP", "sell": "1154,461", "buy": "1131,935"}, {"coins": "NAD", "sell": "50,643", "buy": "49,655"}, {"coins": "USD", "sell": "930,24", "buy": "912"}, {"coins": "ZAR", "sell": "51,069", "buy": "50,073"}]', '2025-01-25 11:24:10.132614')
2025-01-25 11:24:10,132 - sqlalchemy.engine.Engine - INFO - [cached since 74.46s ago] ('BNI', '[{"coins": "EUR", "sell": "982,104", "buy": "962,847"}, {"coins": "GBP", "sell": "1154,461", "buy": "1131,935"}, {"coins": "NAD", "sell": "50,643", "buy": "49,655"}, {"coins": "USD", "sell": "930,24", "buy": "912"}, {"coins": "ZAR", "sell": "51,069", "buy": "50,073"}]', '2025-01-25 11:24:10.132614')
2025-01-25 11:24:10,134 - sqlalchemy.engine.Engine - INFO - COMMIT
2025-01-25 11:24:10,134 - sqlalchemy.engine.Engine - INFO - COMMIT
2025-01-25 11:24:10,917 - MyAppLogger - INFO - new registered exchange(BNI)
2025-01-25 11:24:10,917 - MyAppLogger - INFO - new registered exchange(BNI)
2025-01-25 11:24:10,918 - MyAppLogger - INFO - Scraping succeeded for Scrapper_BancoBNI
2025-01-25 11:24:10,918 - MyAppLogger - INFO - Scraping succeeded for Scrapper_BancoBNI
2025-01-25 11:24:11,043 - MyAppLogger - INFO - Starting scraping for Scrapper_BancoKeve
2025-01-25 11:24:11,043 - MyAppLogger - INFO - Starting scraping for Scrapper_BancoKeve
2025-01-25 11:24:21,310 - sqlalchemy.engine.Engine - INFO - BEGIN (implicit)
2025-01-25 11:24:21,310 - sqlalchemy.engine.Engine - INFO - BEGIN (implicit)
2025-01-25 11:24:21,310 - sqlalchemy.engine.Engine - INFO - SELECT exchanges.id AS exchanges_id, exchanges.bank_name AS exchanges_bank_name, exchanges.exchanges_values AS exchanges_exchanges_values, exchanges.updated_at AS exchanges_updated_at 
FROM exchanges 
WHERE exchanges.bank_name = ?
 LIMIT ? OFFSET ?
2025-01-25 11:24:21,310 - sqlalchemy.engine.Engine - INFO - SELECT exchanges.id AS exchanges_id, exchanges.bank_name AS exchanges_bank_name, exchanges.exchanges_values AS exchanges_exchanges_values, exchanges.updated_at AS exchanges_updated_at 
FROM exchanges 
WHERE exchanges.bank_name = ?
 LIMIT ? OFFSET ?
2025-01-25 11:24:21,310 - sqlalchemy.engine.Engine - INFO - [cached since 85.85s ago] ('Banco Keve', 1, 0)
2025-01-25 11:24:21,310 - sqlalchemy.engine.Engine - INFO - [cached since 85.85s ago] ('Banco Keve', 1, 0)
2025-01-25 11:24:21,311 - sqlalchemy.engine.Engine - INFO - ROLLBACK
2025-01-25 11:24:21,311 - sqlalchemy.engine.Engine - INFO - ROLLBACK
2025-01-25 11:24:21,311 - sqlalchemy.engine.Engine - INFO - BEGIN (implicit)
2025-01-25 11:24:21,311 - sqlalchemy.engine.Engine - INFO - BEGIN (implicit)
2025-01-25 11:24:21,312 - sqlalchemy.engine.Engine - INFO - INSERT INTO exchanges (bank_name, exchanges_values, updated_at) VALUES (?, ?, ?)
2025-01-25 11:24:21,312 - sqlalchemy.engine.Engine - INFO - INSERT INTO exchanges (bank_name, exchanges_values, updated_at) VALUES (?, ?, ?)
2025-01-25 11:24:21,312 - sqlalchemy.engine.Engine - INFO - [cached since 85.64s ago] ('Banco Keve', '[{"coins": "CAD", "sell": "650,257", "buy": "612,378"}, {"coins": "CHF", "sell": "1.219,950", "buy": "1.004,295"}, {"coins": "DKK", "sell": "154,389" ... (255 characters truncated) ... ", "sell": "100,400", "buy": "82,652"}, {"coins": "USD", "sell": "1.107,837", "buy": "912,000"}, {"coins": "ZAR", "sell": "59,866", "buy": "49,283"}]', '2025-01-25 11:24:21.311394')
2025-01-25 11:24:21,312 - sqlalchemy.engine.Engine - INFO - [cached since 85.64s ago] ('Banco Keve', '[{"coins": "CAD", "sell": "650,257", "buy": "612,378"}, {"coins": "CHF", "sell": "1.219,950", "buy": "1.004,295"}, {"coins": "DKK", "sell": "154,389" ... (255 characters truncated) ... ", "sell": "100,400", "buy": "82,652"}, {"coins": "USD", "sell": "1.107,837", "buy": "912,000"}, {"coins": "ZAR", "sell": "59,866", "buy": "49,283"}]', '2025-01-25 11:24:21.311394')
2025-01-25 11:24:21,313 - sqlalchemy.engine.Engine - INFO - COMMIT
2025-01-25 11:24:21,313 - sqlalchemy.engine.Engine - INFO - COMMIT
2025-01-25 11:24:21,610 - MyAppLogger - INFO - new registered exchange(Banco Keve)
2025-01-25 11:24:21,610 - MyAppLogger - INFO - new registered exchange(Banco Keve)
2025-01-25 11:24:21,611 - MyAppLogger - INFO - Scraping succeeded for Scrapper_BancoKeve
2025-01-25 11:24:21,611 - MyAppLogger - INFO - Scraping succeeded for Scrapper_BancoKeve
2025-01-25 11:24:21,764 - MyAppLogger - INFO - Starting scraping for Scrapper_BancoCaixaAngola
2025-01-25 11:24:21,764 - MyAppLogger - INFO - Starting scraping for Scrapper_BancoCaixaAngola
2025-01-25 11:24:42,203 - MyAppLogger - ERROR - Error when scraping https://www.caixaangola.ao/ - Error: Page.goto: net::ERR_CONNECTION_RESET at https://www.caixaangola.ao/
Call log:
  - navigating to "https://www.caixaangola.ao/", waiting until "domcontentloaded"

2025-01-25 11:24:42,203 - MyAppLogger - ERROR - Error when scraping https://www.caixaangola.ao/ - Error: Page.goto: net::ERR_CONNECTION_RESET at https://www.caixaangola.ao/
Call log:
  - navigating to "https://www.caixaangola.ao/", waiting until "domcontentloaded"

2025-01-25 11:24:42,749 - MyAppLogger - INFO - Starting scraping for Scrapper_BancoStandardBank
2025-01-25 11:24:42,749 - MyAppLogger - INFO - Starting scraping for Scrapper_BancoStandardBank
2025-01-25 11:24:50,655 - urllib3.connectionpool - DEBUG - Starting new HTTP connection (1): example.com:80
2025-01-25 11:24:51,319 - urllib3.connectionpool - DEBUG - http://example.com:80 "POST /?query=%3Cscript%3E HTTP/1.1" 403 364
2025-01-25 11:24:51,320 - MyAppLogger - INFO - POST /webhook/ HTTP/1.1 status = 400
2025-01-25 11:24:51,320 - MyAppLogger - INFO - POST /webhook/ HTTP/1.1 status = 400
2025-01-25 11:24:53,717 - sqlalchemy.engine.Engine - INFO - BEGIN (implicit)
2025-01-25 11:24:53,717 - sqlalchemy.engine.Engine - INFO - BEGIN (implicit)
2025-01-25 11:24:53,717 - sqlalchemy.engine.Engine - INFO - SELECT exchanges.id AS exchanges_id, exchanges.bank_name AS exchanges_bank_name, exchanges.exchanges_values AS exchanges_exchanges_values, exchanges.updated_at AS exchanges_updated_at 
FROM exchanges 
WHERE exchanges.bank_name = ?
 LIMIT ? OFFSET ?
2025-01-25 11:24:53,717 - sqlalchemy.engine.Engine - INFO - SELECT exchanges.id AS exchanges_id, exchanges.bank_name AS exchanges_bank_name, exchanges.exchanges_values AS exchanges_exchanges_values, exchanges.updated_at AS exchanges_updated_at 
FROM exchanges 
WHERE exchanges.bank_name = ?
 LIMIT ? OFFSET ?
2025-01-25 11:24:53,718 - sqlalchemy.engine.Engine - INFO - [cached since 118.3s ago] ('Standard Bank', 1, 0)
2025-01-25 11:24:53,718 - sqlalchemy.engine.Engine - INFO - [cached since 118.3s ago] ('Standard Bank', 1, 0)
2025-01-25 11:24:53,718 - sqlalchemy.engine.Engine - INFO - ROLLBACK
2025-01-25 11:24:53,718 - sqlalchemy.engine.Engine - INFO - ROLLBACK
2025-01-25 11:24:53,718 - sqlalchemy.engine.Engine - INFO - BEGIN (implicit)
2025-01-25 11:24:53,718 - sqlalchemy.engine.Engine - INFO - BEGIN (implicit)
2025-01-25 11:24:53,719 - sqlalchemy.engine.Engine - INFO - INSERT INTO exchanges (bank_name, exchanges_values, updated_at) VALUES (?, ?, ?)
2025-01-25 11:24:53,719 - sqlalchemy.engine.Engine - INFO - INSERT INTO exchanges (bank_name, exchanges_values, updated_at) VALUES (?, ?, ?)
2025-01-25 11:24:53,719 - sqlalchemy.engine.Engine - INFO - [cached since 118s ago] ('Standard Bank', '[{"coins": "Francos Suicos", "sell": "1051.433", "buy": "1023.292"}, {"coins": "Hong Kong Renminbi", "sell": "131.362", "buy": "127.846"}, {"coins":  ... (1194 characters truncated) ... , "buy": "210.555"}, {"coins": "Norwegian Krone", "sell": "84.977", "buy": "82.703"}, {"coins": "Danish Krone", "sell": "133.901", "buy": "130.317"}]', '2025-01-25 11:24:53.719278')
2025-01-25 11:24:53,719 - sqlalchemy.engine.Engine - INFO - [cached since 118s ago] ('Standard Bank', '[{"coins": "Francos Suicos", "sell": "1051.433", "buy": "1023.292"}, {"coins": "Hong Kong Renminbi", "sell": "131.362", "buy": "127.846"}, {"coins":  ... (1194 characters truncated) ... , "buy": "210.555"}, {"coins": "Norwegian Krone", "sell": "84.977", "buy": "82.703"}, {"coins": "Danish Krone", "sell": "133.901", "buy": "130.317"}]', '2025-01-25 11:24:53.719278')
2025-01-25 11:24:53,733 - sqlalchemy.engine.Engine - INFO - COMMIT
2025-01-25 11:24:53,733 - sqlalchemy.engine.Engine - INFO - COMMIT
2025-01-25 11:24:54,036 - MyAppLogger - INFO - new registered exchange(Standard Bank)
2025-01-25 11:24:54,036 - MyAppLogger - INFO - new registered exchange(Standard Bank)
2025-01-25 11:24:54,036 - MyAppLogger - INFO - Scraping succeeded for Scrapper_BancoStandardBank
2025-01-25 11:24:54,036 - MyAppLogger - INFO - Scraping succeeded for Scrapper_BancoStandardBank
2025-01-25 11:24:54,078 - sqlalchemy.engine.Engine - INFO - BEGIN (implicit)
2025-01-25 11:24:54,078 - sqlalchemy.engine.Engine - INFO - BEGIN (implicit)
2025-01-25 11:24:54,080 - sqlalchemy.engine.Engine - INFO - SELECT exchanges.id AS exchanges_id, exchanges.bank_name AS exchanges_bank_name, exchanges.exchanges_values AS exchanges_exchanges_values, exchanges.updated_at AS exchanges_updated_at 
FROM exchanges
2025-01-25 11:24:54,080 - sqlalchemy.engine.Engine - INFO - SELECT exchanges.id AS exchanges_id, exchanges.bank_name AS exchanges_bank_name, exchanges.exchanges_values AS exchanges_exchanges_values, exchanges.updated_at AS exchanges_updated_at 
FROM exchanges
2025-01-25 11:24:54,081 - sqlalchemy.engine.Engine - INFO - [generated in 0.00073s] ()
2025-01-25 11:24:54,081 - sqlalchemy.engine.Engine - INFO - [generated in 0.00073s] ()
2025-01-25 11:24:54,100 - sqlalchemy.engine.Engine - INFO - ROLLBACK
2025-01-25 11:24:54,100 - sqlalchemy.engine.Engine - INFO - ROLLBACK
2025-01-25 11:24:54,101 - sqlalchemy.engine.Engine - INFO - BEGIN (implicit)
2025-01-25 11:24:54,101 - sqlalchemy.engine.Engine - INFO - BEGIN (implicit)
2025-01-25 11:24:54,102 - sqlalchemy.engine.Engine - INFO - SELECT webhook.id AS webhook_id, webhook.url AS webhook_url, webhook.active AS webhook_active 
FROM webhook 
WHERE webhook.active = 1
2025-01-25 11:24:54,102 - sqlalchemy.engine.Engine - INFO - SELECT webhook.id AS webhook_id, webhook.url AS webhook_url, webhook.active AS webhook_active 
FROM webhook 
WHERE webhook.active = 1
2025-01-25 11:24:54,103 - sqlalchemy.engine.Engine - INFO - [cached since 786.8s ago] ()
2025-01-25 11:24:54,103 - sqlalchemy.engine.Engine - INFO - [cached since 786.8s ago] ()
2025-01-25 11:24:54,103 - sqlalchemy.engine.Engine - INFO - ROLLBACK
2025-01-25 11:24:54,103 - sqlalchemy.engine.Engine - INFO - ROLLBACK
2025-01-25 11:24:54,104 - MyAppLogger - INFO - Finished scraping for all sites.
2025-01-25 11:24:54,104 - MyAppLogger - INFO - Finished scraping for all sites.
2025-01-25 11:24:55,769 - apscheduler.executors.default - INFO - Job "run_bot (trigger: interval[1:00:00], next run at: 2025-01-25 12:21:47 WAT)" executed successfully
2025-01-25 11:25:31,824 - urllib3.connectionpool - DEBUG - Starting new HTTP connection (1): example.com:22
2025-01-25 11:26:01,886 - MyAppLogger - INFO - POST /webhook/ HTTP/1.1 status = 400
2025-01-25 11:26:01,886 - MyAppLogger - INFO - POST /webhook/ HTTP/1.1 status = 400
2025-01-25 11:26:51,153 - MyAppLogger - INFO - Error testing URL(ftp://example.com) - Error: No connection adapters were found for 'ftp://example.com'
2025-01-25 11:26:51,153 - MyAppLogger - INFO - Error testing URL(ftp://example.com) - Error: No connection adapters were found for 'ftp://example.com'
2025-01-25 11:26:51,154 - MyAppLogger - INFO - POST /webhook/ HTTP/1.1 status = 400
2025-01-25 11:26:51,154 - MyAppLogger - INFO - POST /webhook/ HTTP/1.1 status = 400
2025-01-25 11:28:05,618 - uvicorn.error - INFO - Shutting down
2025-01-25 11:28:05,732 - uvicorn.error - INFO - Waiting for application shutdown.
2025-01-25 11:28:05,734 - uvicorn.error - INFO - Application shutdown complete.
2025-01-25 11:28:05,735 - uvicorn.error - INFO - Finished server process [5316]
2025-01-25 11:28:23,375 - sqlalchemy.engine.Engine - INFO - BEGIN (implicit)
2025-01-25 11:28:23,375 - sqlalchemy.engine.Engine - INFO - BEGIN (implicit)
2025-01-25 11:28:23,375 - sqlalchemy.engine.Engine - INFO - PRAGMA main.table_info("exchanges")
2025-01-25 11:28:23,375 - sqlalchemy.engine.Engine - INFO - PRAGMA main.table_info("exchanges")
2025-01-25 11:28:23,375 - sqlalchemy.engine.Engine - INFO - [raw sql] ()
2025-01-25 11:28:23,375 - sqlalchemy.engine.Engine - INFO - [raw sql] ()
2025-01-25 11:28:23,376 - sqlalchemy.engine.Engine - INFO - PRAGMA main.table_info("webhook")
2025-01-25 11:28:23,376 - sqlalchemy.engine.Engine - INFO - PRAGMA main.table_info("webhook")
2025-01-25 11:28:23,376 - sqlalchemy.engine.Engine - INFO - [raw sql] ()
2025-01-25 11:28:23,376 - sqlalchemy.engine.Engine - INFO - [raw sql] ()
2025-01-25 11:28:23,376 - sqlalchemy.engine.Engine - INFO - COMMIT
2025-01-25 11:28:23,376 - sqlalchemy.engine.Engine - INFO - COMMIT
2025-01-25 11:28:23,377 - tzlocal - DEBUG - Looking up time zone info from registry
2025-01-25 11:28:23,390 - apscheduler.scheduler - INFO - Adding job tentatively -- it will be properly scheduled when the scheduler starts
2025-01-25 11:28:23,390 - apscheduler.scheduler - INFO - Adding job tentatively -- it will be properly scheduled when the scheduler starts
2025-01-25 11:28:23,405 - apscheduler.scheduler - INFO - Added job "run_bot" to job store "default"
2025-01-25 11:28:23,405 - apscheduler.scheduler - INFO - Added job "WebhookUtils.run_tests" to job store "default"
2025-01-25 11:28:23,405 - apscheduler.scheduler - INFO - Scheduler started
2025-01-25 11:28:23,406 - apscheduler.scheduler - DEBUG - Looking for jobs to run
2025-01-25 11:28:23,406 - apscheduler.scheduler - DEBUG - Next wakeup is due at 2025-01-25 12:18:23.390819+01:00 (in 2999.984536 seconds)
2025-01-25 11:28:23,510 - asyncio - DEBUG - Using proactor: IocpProactor
2025-01-25 11:28:23,700 - uvicorn.error - INFO - Started server process [14376]
2025-01-25 11:28:23,703 - uvicorn.error - INFO - Waiting for application startup.
2025-01-25 11:28:23,708 - uvicorn.error - INFO - Application startup complete.
2025-01-25 11:28:23,711 - uvicorn.error - INFO - Uvicorn running on http://0.0.0.0:8000 (Press CTRL+C to quit)
2025-01-25 11:28:34,558 - MyAppLogger - INFO - POST /webhook/ HTTP/1.1 status = 400
2025-01-25 11:28:34,558 - MyAppLogger - INFO - POST /webhook/ HTTP/1.1 status = 400
2025-01-25 11:29:18,803 - uvicorn.error - INFO - Shutting down
2025-01-25 11:29:18,910 - uvicorn.error - INFO - Waiting for application shutdown.
2025-01-25 11:29:18,912 - uvicorn.error - INFO - Application shutdown complete.
2025-01-25 11:29:18,913 - uvicorn.error - INFO - Finished server process [14376]
2025-01-25 11:29:24,404 - sqlalchemy.engine.Engine - INFO - BEGIN (implicit)
2025-01-25 11:29:24,404 - sqlalchemy.engine.Engine - INFO - BEGIN (implicit)
2025-01-25 11:29:24,404 - sqlalchemy.engine.Engine - INFO - PRAGMA main.table_info("exchanges")
2025-01-25 11:29:24,404 - sqlalchemy.engine.Engine - INFO - PRAGMA main.table_info("exchanges")
2025-01-25 11:29:24,404 - sqlalchemy.engine.Engine - INFO - [raw sql] ()
2025-01-25 11:29:24,404 - sqlalchemy.engine.Engine - INFO - [raw sql] ()
2025-01-25 11:29:24,404 - sqlalchemy.engine.Engine - INFO - PRAGMA main.table_info("webhook")
2025-01-25 11:29:24,404 - sqlalchemy.engine.Engine - INFO - PRAGMA main.table_info("webhook")
2025-01-25 11:29:24,406 - sqlalchemy.engine.Engine - INFO - [raw sql] ()
2025-01-25 11:29:24,406 - sqlalchemy.engine.Engine - INFO - [raw sql] ()
2025-01-25 11:29:24,406 - sqlalchemy.engine.Engine - INFO - COMMIT
2025-01-25 11:29:24,406 - sqlalchemy.engine.Engine - INFO - COMMIT
2025-01-25 11:29:24,406 - tzlocal - DEBUG - Looking up time zone info from registry
2025-01-25 11:29:24,413 - apscheduler.scheduler - INFO - Adding job tentatively -- it will be properly scheduled when the scheduler starts
2025-01-25 11:29:24,413 - apscheduler.scheduler - INFO - Adding job tentatively -- it will be properly scheduled when the scheduler starts
2025-01-25 11:29:24,414 - apscheduler.scheduler - INFO - Added job "run_bot" to job store "default"
2025-01-25 11:29:24,415 - apscheduler.scheduler - INFO - Added job "WebhookUtils.run_tests" to job store "default"
2025-01-25 11:29:24,415 - apscheduler.scheduler - INFO - Scheduler started
2025-01-25 11:29:24,415 - apscheduler.scheduler - DEBUG - Looking for jobs to run
2025-01-25 11:29:24,415 - apscheduler.scheduler - DEBUG - Next wakeup is due at 2025-01-25 12:19:24.413250+01:00 (in 2999.997947 seconds)
2025-01-25 11:29:24,437 - asyncio - DEBUG - Using proactor: IocpProactor
2025-01-25 11:29:24,513 - uvicorn.error - INFO - Started server process [15088]
2025-01-25 11:29:24,514 - uvicorn.error - INFO - Waiting for application startup.
2025-01-25 11:29:24,517 - uvicorn.error - INFO - Application startup complete.
2025-01-25 11:29:24,519 - uvicorn.error - INFO - Uvicorn running on http://0.0.0.0:8000 (Press CTRL+C to quit)
2025-01-25 11:29:29,865 - MyAppLogger - INFO - POST /webhook/ HTTP/1.1 status = 400
2025-01-25 11:29:29,865 - MyAppLogger - INFO - POST /webhook/ HTTP/1.1 status = 400
2025-01-25 11:30:49,427 - uvicorn.error - INFO - Shutting down
2025-01-25 11:30:49,536 - uvicorn.error - INFO - Waiting for application shutdown.
2025-01-25 11:30:49,539 - uvicorn.error - INFO - Application shutdown complete.
2025-01-25 11:30:49,540 - uvicorn.error - INFO - Finished server process [15088]
2025-01-25 11:30:55,604 - sqlalchemy.engine.Engine - INFO - BEGIN (implicit)
2025-01-25 11:30:55,604 - sqlalchemy.engine.Engine - INFO - BEGIN (implicit)
2025-01-25 11:30:55,604 - sqlalchemy.engine.Engine - INFO - PRAGMA main.table_info("exchanges")
2025-01-25 11:30:55,604 - sqlalchemy.engine.Engine - INFO - PRAGMA main.table_info("exchanges")
2025-01-25 11:30:55,604 - sqlalchemy.engine.Engine - INFO - [raw sql] ()
2025-01-25 11:30:55,604 - sqlalchemy.engine.Engine - INFO - [raw sql] ()
2025-01-25 11:30:55,605 - sqlalchemy.engine.Engine - INFO - PRAGMA main.table_info("webhook")
2025-01-25 11:30:55,605 - sqlalchemy.engine.Engine - INFO - PRAGMA main.table_info("webhook")
2025-01-25 11:30:55,606 - sqlalchemy.engine.Engine - INFO - [raw sql] ()
2025-01-25 11:30:55,606 - sqlalchemy.engine.Engine - INFO - [raw sql] ()
2025-01-25 11:30:55,606 - sqlalchemy.engine.Engine - INFO - COMMIT
2025-01-25 11:30:55,606 - sqlalchemy.engine.Engine - INFO - COMMIT
2025-01-25 11:30:55,606 - tzlocal - DEBUG - Looking up time zone info from registry
2025-01-25 11:30:55,648 - apscheduler.scheduler - INFO - Adding job tentatively -- it will be properly scheduled when the scheduler starts
2025-01-25 11:30:55,648 - apscheduler.scheduler - INFO - Adding job tentatively -- it will be properly scheduled when the scheduler starts
2025-01-25 11:30:55,656 - apscheduler.scheduler - INFO - Added job "run_bot" to job store "default"
2025-01-25 11:30:55,656 - apscheduler.scheduler - INFO - Added job "WebhookUtils.run_tests" to job store "default"
2025-01-25 11:30:55,656 - apscheduler.scheduler - INFO - Scheduler started
2025-01-25 11:30:55,657 - apscheduler.scheduler - DEBUG - Looking for jobs to run
2025-01-25 11:30:55,658 - apscheduler.scheduler - DEBUG - Next wakeup is due at 2025-01-25 12:20:55.648786+01:00 (in 2999.990054 seconds)
2025-01-25 11:30:55,730 - asyncio - DEBUG - Using proactor: IocpProactor
2025-01-25 11:30:55,882 - uvicorn.error - INFO - Started server process [8840]
2025-01-25 11:30:55,883 - uvicorn.error - INFO - Waiting for application startup.
2025-01-25 11:30:55,884 - uvicorn.error - INFO - Application startup complete.
2025-01-25 11:30:55,885 - uvicorn.error - INFO - Uvicorn running on http://0.0.0.0:8000 (Press CTRL+C to quit)
2025-01-25 11:30:58,161 - MyAppLogger - INFO - POST /webhook/ HTTP/1.1 status = 400
2025-01-25 11:30:58,161 - MyAppLogger - INFO - POST /webhook/ HTTP/1.1 status = 400
2025-01-25 11:35:40,593 - uvicorn.error - INFO - Shutting down
2025-01-25 11:35:40,701 - uvicorn.error - INFO - Waiting for application shutdown.
2025-01-25 11:35:40,702 - uvicorn.error - INFO - Application shutdown complete.
2025-01-25 11:35:40,704 - uvicorn.error - INFO - Finished server process [8840]
